0 info it worked if it ends with ok
1 verbose cli [ '/home/pravesh/.nvm/versions/node/v6.11.3/bin/node',
1 verbose cli   '/home/pravesh/.nvm/versions/node/v6.11.3/bin/npm',
1 verbose cli   'run',
1 verbose cli   'client' ]
2 info using npm@3.10.10
3 info using node@v6.11.3
4 verbose run-script [ 'preclient', 'client', 'postclient' ]
5 info lifecycle client@1.0.0~preclient: client@1.0.0
6 silly lifecycle client@1.0.0~preclient: no script for preclient, continuing
7 info lifecycle client@1.0.0~client: client@1.0.0
8 verbose lifecycle client@1.0.0~client: unsafe-perm in lifecycle true
9 verbose lifecycle client@1.0.0~client: PATH: /home/pravesh/.nvm/versions/node/v6.11.3/lib/node_modules/npm/bin/node-gyp-bin:/home/pravesh/Documents/devconnector/node_modules/.bin:/home/pravesh/.nvm/versions/node/v6.11.3/lib/node_modules/npm/bin/node-gyp-bin:/home/pravesh/Documents/devconnector/node_modules/.bin:/home/pravesh/.nvm/versions/node/v6.11.3/bin:/usr/local/sbin:/usr/local/bin:/usr/sbin:/usr/bin:/sbin:/bin:/usr/games:/usr/local/games:/snap/bin:/usr/lib/jvm/java-8-oracle/bin:/usr/lib/jvm/java-8-oracle/db/bin:/usr/lib/jvm/java-8-oracle/jre/bin:/home/pravesh/Android/Sdk/tools:/home/pravesh/Android/Sdk/tools/bin:/home/pravesh/Android/Sdk/platform-tools
10 verbose lifecycle client@1.0.0~client: CWD: /home/pravesh/Documents/devconnector
11 silly lifecycle client@1.0.0~client: Args: [ '-c', 'npm start --prefix client' ]
12 silly lifecycle client@1.0.0~client: Returned: code: 1  signal: null
13 info lifecycle client@1.0.0~client: Failed to exec client script
14 verbose stack Error: client@1.0.0 client: `npm start --prefix client`
14 verbose stack Exit status 1
14 verbose stack     at EventEmitter.<anonymous> (/home/pravesh/.nvm/versions/node/v6.11.3/lib/node_modules/npm/lib/utils/lifecycle.js:255:16)
14 verbose stack     at emitTwo (events.js:106:13)
14 verbose stack     at EventEmitter.emit (events.js:191:7)
14 verbose stack     at ChildProcess.<anonymous> (/home/pravesh/.nvm/versions/node/v6.11.3/lib/node_modules/npm/lib/utils/spawn.js:40:14)
14 verbose stack     at emitTwo (events.js:106:13)
14 verbose stack     at ChildProcess.emit (events.js:191:7)
14 verbose stack     at maybeClose (internal/child_process.js:920:16)
14 verbose stack     at Process.ChildProcess._handle.onexit (internal/child_process.js:230:5)
15 verbose pkgid client@1.0.0
16 verbose cwd /home/pravesh/Documents/devconnector
17 error Linux 4.4.0-138-generic
18 error argv "/home/pravesh/.nvm/versions/node/v6.11.3/bin/node" "/home/pravesh/.nvm/versions/node/v6.11.3/bin/npm" "run" "client"
19 error node v6.11.3
20 error npm  v3.10.10
21 error code ELIFECYCLE
22 error client@1.0.0 client: `npm start --prefix client`
22 error Exit status 1
23 error Failed at the client@1.0.0 client script 'npm start --prefix client'.
23 error Make sure you have the latest version of node.js and npm installed.
23 error If you do, this is most likely a problem with the client package,
23 error not with npm itself.
23 error Tell the author that this fails on your system:
23 error     npm start --prefix client
23 error You can get information on how to open an issue for this project with:
23 error     npm bugs client
23 error Or if that isn't available, you can get their info via:
23 error     npm owner ls client
23 error There is likely additional logging output above.
24 verbose exit [ 1, true ]
